{"__type":"$$EventMessageAudit","id":"de7475cd-01eb-486b-95ef-4ed17101fa53","ts":"2025-11-19T10:41:01.557+00:00","eventName":"n8n.audit.user.login.success","message":"n8n.audit.user.login.success","payload":{"userId":"86df0a4e-6699-4b7d-af26-27289dc7bfbe","_email":"info@ebinaa.com","_firstName":"Binaa","_lastName":"MK","globalRole":"global:owner","authenticationMethod":"email"}}
{"__type":"$$EventMessageConfirm","confirm":"de7475cd-01eb-486b-95ef-4ed17101fa53","ts":"2025-11-19T10:41:01.624+00:00","source":{"id":"0","name":"eventBus"}}
{"__type":"$$EventMessageAudit","id":"8549fe1a-e1df-4ccf-9059-fe358534d2d2","ts":"2025-11-19T10:41:25.727+00:00","eventName":"n8n.audit.user.deleted","message":"n8n.audit.user.deleted","payload":{"userId":"86df0a4e-6699-4b7d-af26-27289dc7bfbe","_email":"info@ebinaa.com","_firstName":"Binaa","_lastName":"MK","globalRole":"global:owner"}}
{"__type":"$$EventMessageConfirm","confirm":"8549fe1a-e1df-4ccf-9059-fe358534d2d2","ts":"2025-11-19T10:41:25.727+00:00","source":{"id":"0","name":"eventBus"}}
{"__type":"$$EventMessageAudit","id":"a9a5ca4e-c4c0-47e0-96c2-099b21856f4c","ts":"2025-11-19T10:41:33.062+00:00","eventName":"n8n.audit.user.invited","message":"n8n.audit.user.invited","payload":{"userId":"86df0a4e-6699-4b7d-af26-27289dc7bfbe","_email":"info@ebinaa.com","_firstName":"Binaa","_lastName":"MK","globalRole":"global:owner","targetUserId":["73d2d6ca-e557-42dc-ac85-dee20b5b6fbe"]}}
{"__type":"$$EventMessageConfirm","confirm":"a9a5ca4e-c4c0-47e0-96c2-099b21856f4c","ts":"2025-11-19T10:41:33.062+00:00","source":{"id":"0","name":"eventBus"}}
{"__type":"$$EventMessageAudit","id":"8f8e40eb-a93f-4416-b626-6c0fd6d3a705","ts":"2025-11-19T10:43:31.997+00:00","eventName":"n8n.audit.workflow.created","message":"n8n.audit.workflow.created","payload":{"userId":"86df0a4e-6699-4b7d-af26-27289dc7bfbe","_email":"info@ebinaa.com","_firstName":"Binaa","_lastName":"MK","globalRole":"global:owner","workflowId":"9nzudpcPbotoce9Y","workflowName":"My workflow"}}
{"__type":"$$EventMessageConfirm","confirm":"8f8e40eb-a93f-4416-b626-6c0fd6d3a705","ts":"2025-11-19T10:43:31.998+00:00","source":{"id":"0","name":"eventBus"}}
{"__type":"$$EventMessageWorkflow","id":"806a8a2a-6db4-4903-80d6-e663185059ee","ts":"2025-11-19T10:43:32.426+00:00","eventName":"n8n.workflow.started","message":"n8n.workflow.started","payload":{"executionId":"1","workflowId":"9nzudpcPbotoce9Y","isManual":false,"workflowName":"My workflow"}}
{"__type":"$$EventMessageConfirm","confirm":"806a8a2a-6db4-4903-80d6-e663185059ee","ts":"2025-11-19T10:43:32.426+00:00","source":{"id":"0","name":"eventBus"}}
{"__type":"$$EventMessageNode","id":"e5e6ee35-6ac5-4ed4-97a4-c4a40618aeb6","ts":"2025-11-19T10:43:32.430+00:00","eventName":"n8n.node.started","message":"n8n.node.started","payload":{"workflowId":"9nzudpcPbotoce9Y","workflowName":"My workflow","executionId":"1","nodeType":"n8n-nodes-base.manualTrigger","nodeName":"When clicking ‘Execute workflow’","nodeId":"4149fc6e-d91d-4427-b9f2-769eb5bb43f7"}}
{"__type":"$$EventMessageConfirm","confirm":"e5e6ee35-6ac5-4ed4-97a4-c4a40618aeb6","ts":"2025-11-19T10:43:32.431+00:00","source":{"id":"0","name":"eventBus"}}
{"__type":"$$EventMessageNode","id":"aa2d56f7-2fdb-4c9b-886b-8f399f0875c2","ts":"2025-11-19T10:43:32.437+00:00","eventName":"n8n.node.finished","message":"n8n.node.finished","payload":{"workflowId":"9nzudpcPbotoce9Y","workflowName":"My workflow","executionId":"1","nodeType":"n8n-nodes-base.manualTrigger","nodeName":"When clicking ‘Execute workflow’","nodeId":"4149fc6e-d91d-4427-b9f2-769eb5bb43f7"}}
{"__type":"$$EventMessageConfirm","confirm":"aa2d56f7-2fdb-4c9b-886b-8f399f0875c2","ts":"2025-11-19T10:43:32.437+00:00","source":{"id":"0","name":"eventBus"}}
{"__type":"$$EventMessageNode","id":"60df91b3-39d8-47bc-99e7-5021cb8a2f48","ts":"2025-11-19T10:43:32.439+00:00","eventName":"n8n.node.started","message":"n8n.node.started","payload":{"workflowId":"9nzudpcPbotoce9Y","workflowName":"My workflow","executionId":"1","nodeType":"n8n-nodes-base.gmail","nodeName":"Send a message","nodeId":"928ca118-09f1-415c-bc0f-583d9becf026"}}
{"__type":"$$EventMessageConfirm","confirm":"60df91b3-39d8-47bc-99e7-5021cb8a2f48","ts":"2025-11-19T10:43:32.439+00:00","source":{"id":"0","name":"eventBus"}}
{"__type":"$$EventMessageNode","id":"f58fec84-7121-43db-b865-0c1d8c72e508","ts":"2025-11-19T10:43:33.216+00:00","eventName":"n8n.node.finished","message":"n8n.node.finished","payload":{"workflowId":"9nzudpcPbotoce9Y","workflowName":"My workflow","executionId":"1","nodeType":"n8n-nodes-base.gmail","nodeName":"Send a message","nodeId":"928ca118-09f1-415c-bc0f-583d9becf026"}}
{"__type":"$$EventMessageConfirm","confirm":"f58fec84-7121-43db-b865-0c1d8c72e508","ts":"2025-11-19T10:43:33.216+00:00","source":{"id":"0","name":"eventBus"}}
{"__type":"$$EventMessageWorkflow","id":"be366f66-4a32-4028-a593-fb3d21964af4","ts":"2025-11-19T10:43:33.223+00:00","eventName":"n8n.workflow.success","message":"n8n.workflow.success","payload":{"userId":"86df0a4e-6699-4b7d-af26-27289dc7bfbe","executionId":"1","success":true,"isManual":true,"workflowId":"9nzudpcPbotoce9Y","workflowName":"My workflow"}}
{"__type":"$$EventMessageConfirm","confirm":"be366f66-4a32-4028-a593-fb3d21964af4","ts":"2025-11-19T10:43:33.224+00:00","source":{"id":"0","name":"eventBus"}}
{"__type":"$$EventMessageWorkflow","id":"4c0485e6-9ca0-4088-8983-229407824c43","ts":"2025-11-19T10:44:10.902+00:00","eventName":"n8n.workflow.started","message":"n8n.workflow.started","payload":{"executionId":"2","workflowId":"9nzudpcPbotoce9Y","isManual":false,"workflowName":"My workflow"}}
{"__type":"$$EventMessageConfirm","confirm":"4c0485e6-9ca0-4088-8983-229407824c43","ts":"2025-11-19T10:44:10.902+00:00","source":{"id":"0","name":"eventBus"}}
{"__type":"$$EventMessageNode","id":"a0857820-49ac-457c-9371-b52528dd985c","ts":"2025-11-19T10:44:10.903+00:00","eventName":"n8n.node.started","message":"n8n.node.started","payload":{"workflowId":"9nzudpcPbotoce9Y","workflowName":"My workflow","executionId":"2","nodeType":"n8n-nodes-base.gmail","nodeName":"Send a message","nodeId":"928ca118-09f1-415c-bc0f-583d9becf026"}}
{"__type":"$$EventMessageConfirm","confirm":"a0857820-49ac-457c-9371-b52528dd985c","ts":"2025-11-19T10:44:10.903+00:00","source":{"id":"0","name":"eventBus"}}
{"__type":"$$EventMessageNode","id":"212b6d3f-173a-447e-a0c2-edbbaf45d333","ts":"2025-11-19T10:44:11.372+00:00","eventName":"n8n.node.finished","message":"n8n.node.finished","payload":{"workflowId":"9nzudpcPbotoce9Y","workflowName":"My workflow","executionId":"2","nodeType":"n8n-nodes-base.gmail","nodeName":"Send a message","nodeId":"928ca118-09f1-415c-bc0f-583d9becf026"}}
{"__type":"$$EventMessageConfirm","confirm":"212b6d3f-173a-447e-a0c2-edbbaf45d333","ts":"2025-11-19T10:44:11.372+00:00","source":{"id":"0","name":"eventBus"}}
{"__type":"$$EventMessageWorkflow","id":"6f8b857a-8958-4c94-970f-5645aa0eb66e","ts":"2025-11-19T10:44:11.379+00:00","eventName":"n8n.workflow.success","message":"n8n.workflow.success","payload":{"userId":"86df0a4e-6699-4b7d-af26-27289dc7bfbe","executionId":"2","success":true,"isManual":true,"workflowId":"9nzudpcPbotoce9Y","workflowName":"My workflow"}}
{"__type":"$$EventMessageConfirm","confirm":"6f8b857a-8958-4c94-970f-5645aa0eb66e","ts":"2025-11-19T10:44:11.379+00:00","source":{"id":"0","name":"eventBus"}}
